[0.000000] (-) TimerEvent: {}
[0.000796] (-) JobUnselected: {'identifier': 'gpsPubSub'}
[0.000950] (-) JobUnselected: {'identifier': 'lidar'}
[0.001051] (-) JobUnselected: {'identifier': 'object_avoidance'}
[0.001626] (-) JobUnselected: {'identifier': 'sllidar_ros2'}
[0.001739] (TurtleBot) JobQueued: {'identifier': 'TurtleBot', 'dependencies': OrderedDict()}
[0.002776] (TurtleBot) JobStarted: {'identifier': 'TurtleBot'}
[0.098232] (-) TimerEvent: {}
[0.199455] (-) TimerEvent: {}
[0.300261] (-) TimerEvent: {}
[0.400994] (-) TimerEvent: {}
[0.502457] (-) TimerEvent: {}
[0.603318] (-) TimerEvent: {}
[0.704199] (-) TimerEvent: {}
[0.805146] (-) TimerEvent: {}
[0.905833] (-) TimerEvent: {}
[1.006669] (-) TimerEvent: {}
[1.107287] (-) TimerEvent: {}
[1.207915] (-) TimerEvent: {}
[1.308623] (-) TimerEvent: {}
[1.409489] (-) TimerEvent: {}
[1.510277] (-) TimerEvent: {}
[1.611087] (-) TimerEvent: {}
[1.711880] (-) TimerEvent: {}
[1.813812] (-) TimerEvent: {}
[1.919975] (-) TimerEvent: {}
[2.020697] (-) TimerEvent: {}
[2.121408] (-) TimerEvent: {}
[2.222031] (-) TimerEvent: {}
[2.322756] (-) TimerEvent: {}
[2.423447] (-) TimerEvent: {}
[2.524771] (-) TimerEvent: {}
[2.625463] (-) TimerEvent: {}
[2.727444] (-) TimerEvent: {}
[2.828149] (-) TimerEvent: {}
[2.928906] (-) TimerEvent: {}
[3.029566] (-) TimerEvent: {}
[3.130251] (-) TimerEvent: {}
[3.230906] (-) TimerEvent: {}
[3.331562] (-) TimerEvent: {}
[3.432263] (-) TimerEvent: {}
[3.533754] (-) TimerEvent: {}
[3.635783] (-) TimerEvent: {}
[3.736963] (-) TimerEvent: {}
[3.773213] (TurtleBot) StderrLine: {'line': b'Traceback (most recent call last):\n  File "/usr/lib/python3/dist-packages/colcon_parallel_executor/executor/parallel.py", line 75, in execute\n    loop.run_until_complete(future)\n  File "/usr/lib/python3.10/asyncio/base_events.py", line 636, in run_until_complete\n    self.run_forever()\n  File "/usr/lib/python3.10/asyncio/base_events.py", line 603, in run_forever\n    self._run_once()\n  File "/usr/lib/python3.10/asyncio/base_events.py", line 1871, in _run_once\n    event_list = self._selector.select(timeout)\n  File "/usr/lib/python3.10/selectors.py", line 469, in select\n    fd_event_list = self._selector.poll(timeout, max_ev)\nKeyboardInterrupt\n\nDuring handling of the above exception, another exception occurred:\n\nTraceback (most recent call last):\n  File "/usr/lib/python3/dist-packages/colcon_core/executor/__init__.py", line 91, in __call__\n    rc = await self.task(*args, **kwargs)\n  File "/usr/lib/python3/dist-packages/colcon_core/task/__init__.py", line 93, in __call__\n    return await task_method(*args, **kwargs)\n  File "/usr/lib/python3/dist-packages/colcon_ros/task/ament_python/build.py", line 102, in build\n    return await extension.build(additional_hooks=additional_hooks)\n  File "/usr/lib/python3/dist-packages/colcon_core/task/python/build.py", line 96, in build\n    available_commands = await self._get_available_commands(\n  File "/usr/lib/python3/dist-packages/colcon_core/task/python/build.py", line 194, in _get_available_commands\n    output = await check_output(\n  File "/usr/lib/python3/dist-packages/colcon_core/subprocess.py", line 129, in check_output\n    assert not rc, f\'Expected {args} to pass: {stderr_data}\'\nAssertionError: Expected [\'/usr/bin/python3\', \'-W\', \'ignore:setup.py install is deprecated\', \'-W\', \'ignore:easy_install command is deprecated\', \'setup.py\', \'--help-commands\'] to pass: Traceback (most recent call last):\n  File "/home/cewan/Automated-Tour-Car/ws_lidar/src/TurtleBot/setup.py", line 5, in <module>\n    setup(\n  File "/usr/lib/python3/dist-packages/setuptools/__init__.py", line 153, in setup\n    return distutils.core.setup(**attrs)\n  File "/usr/lib/python3.10/distutils/core.py", line 134, in setup\n    ok = dist.parse_command_line()\n  File "/usr/lib/python3.10/distutils/dist.py", line 480, in parse_command_line\n    if self.handle_display_options(option_order):\n  File "/usr/lib/python3/dist-packages/setuptools/dist.py", line 1126, in handle_display_options\n    return _Distribution.handle_display_options(self, option_order)\n  File "/usr/lib/python3.10/distutils/dist.py", line 683, in handle_display_options\n    self.print_commands()\n  File "/usr/lib/python3/dist-packages/setuptools/dist.py", line 904, in print_commands\n    return _Distribution.print_commands(self)\n  File "/usr/lib/python3.10/distutils/dist.py", line 752, in print_commands\n    self.print_command_list(std_commands,\n  File "/usr/lib/python3.10/distutils/dist.py", line 720, in print_command_list\n    klass = self.get_command_class(cmd)\n  File "/usr/lib/python3/dist-packages/setuptools/dist.py", line 896, in get_command_class\n    return _Distribution.get_command_class(self, command)\n  File "/usr/lib/python3.10/distutils/dist.py", line 828, in get_command_class\n    __import__(module_name)\n  File "/usr/lib/python3.10/distutils/command/check.py", line 11, in <module>\n    from docutils.parsers.rst import Parser\n  File "/usr/lib/python3/dist-packages/docutils/parsers/__init__.py", line 14, in <module>\n    from docutils import Component, frontend\n  File "<frozen importlib._bootstrap>", line 1027, in _find_and_load\n  File "<frozen importlib._bootstrap>", line 1006, in _find_and_load_unlocked\n  File "<frozen importlib._bootstrap>", line 688, in _load_unlocked\n  File "<frozen importlib._bootstrap_external>", line 879, in exec_module\n  File "<frozen importlib._bootstrap_external>", line 987, in get_code\nKeyboardInterrupt\n\n'}
[3.775543] (TurtleBot) JobEnded: {'identifier': 'TurtleBot', 'rc': 'SIGINT'}
[3.786405] (-) EventReactorShutdown: {}
